<?xml version="1.0" encoding="UTF-8"?>
<!-- Generated by org.testng.reporters.JUnitXMLReporter -->
<testsuite hostname="Raghu-PC" name="Command line test" tests="8" failures="0" timestamp="8 Nov 2017 11:27:41 GMT" time="561.571" errors="0">
  <testcase name="click" time="69.052" classname="com.jocata.ssp.testcases.Tc_02Links"/>
  <testcase name="clickingApis" time="328.442" classname="com.jocata.ssp.testcases.Tc_03ClickAPIs"/>
  <testcase name="clickingApis" time="9.566" classname="com.jocata.ssp.testcases.Tc_04FillContcatjocata"/>
  <testcase name="filteringAPI" time="12.374" classname="com.jocata.ssp.testcases.Tc_05FilteringAPIs"/>
  <testcase name="clickinglinks" time="25.558" classname="com.jocata.ssp.testcases.Tc_06FAQ"/>
  <testcase name="clickinglinks" time="22.87" classname="com.jocata.ssp.testcases.Tc_07Profile"/>
  <testcase name="clickinglinks" time="23.332" classname="com.jocata.ssp.testcases.Tc_08HomeLinks"/>
  <testcase name="clickinglinks" time="69.449" classname="com.jocata.ssp.testcases.Tc_09Dashboarddatepicker"/>
</testsuite> <!-- Command line test -->
